<?xml version="1.0" encoding="UTF-8"?>
<testsuite name="gobierno.TDD" tests="1" skipped="0" failures="0" errors="0" timestamp="2021-01-13T20:40:02" hostname="ELGRAN.local" time="0.006">
  <properties/>
  <testcase name="testAutorizacionSalidaCalle" classname="gobierno.TDD" time="0.006"/>
  <system-out><![CDATA[]]></system-out>
  <system-err><![CDATA[]]></system-err>
</testsuite>
